<?xml version="1.0" encoding="UTF-8"?>
<testng-results ignored="0" total="0" passed="0" failed="0" skipped="0">
  <reporter-output>
  </reporter-output>
  <suite started-at="2024-12-14T10:00:32 WEST" name="Surefire suite" finished-at="2024-12-14T10:00:40 WEST" duration-ms="8010">
    <groups>
    </groups>
    <test started-at="2024-12-14T10:00:32 WEST" name="Surefire test" finished-at="2024-12-14T10:00:40 WEST" duration-ms="8010">
    </test> <!-- Surefire test -->
  </suite> <!-- Surefire suite -->
</testng-results>








